[0.236s] DEBUG:colcon:Command line arguments: ['/usr/bin/colcon', 'build']
[0.236s] DEBUG:colcon:Parsed command line arguments: Namespace(log_base=None, log_level=None, verb_name='build', build_base='build', install_base='install', merge_install=False, symlink_install=False, test_result_base=None, continue_on_error=False, executor='parallel', parallel_workers=16, event_handlers=None, ignore_user_meta=False, metas=['./colcon.meta'], base_paths=['.'], packages_ignore=None, packages_ignore_regex=None, paths=None, packages_up_to=None, packages_up_to_regex=None, packages_above=None, packages_above_and_dependencies=None, packages_above_depth=None, packages_select_by_dep=None, packages_skip_by_dep=None, packages_skip_up_to=None, packages_select_build_failed=False, packages_skip_build_finished=False, packages_select_test_failures=False, packages_skip_test_passed=False, packages_select=None, packages_skip=None, packages_select_regex=None, packages_skip_regex=None, packages_start=None, packages_end=None, allow_overriding=[], cmake_args=None, cmake_target=None, cmake_target_skip_unavailable=False, cmake_clean_cache=False, cmake_clean_first=False, cmake_force_configure=False, ament_cmake_args=None, catkin_cmake_args=None, catkin_skip_building_tests=False, verb_parser=<colcon_defaults.argument_parser.defaults.DefaultArgumentsDecorator object at 0x7fc8ce54a230>, verb_extension=<colcon_core.verb.build.BuildVerb object at 0x7fc8ce549cc0>, main=<bound method BuildVerb.main of <colcon_core.verb.build.BuildVerb object at 0x7fc8ce549cc0>>)
[0.252s] Level 1:colcon.colcon_core.package_discovery:discover_packages(colcon_meta) check parameters
[0.252s] Level 1:colcon.colcon_core.package_discovery:discover_packages(recursive) check parameters
[0.252s] Level 1:colcon.colcon_core.package_discovery:discover_packages(ignore) check parameters
[0.252s] Level 1:colcon.colcon_core.package_discovery:discover_packages(path) check parameters
[0.252s] Level 1:colcon.colcon_core.package_discovery:discover_packages(colcon_meta) discover
[0.252s] Level 1:colcon.colcon_core.package_discovery:discover_packages(recursive) discover
[0.252s] INFO:colcon.colcon_core.package_discovery:Crawling recursively for packages in '/home/hiyama/asp_uros_ws/micro-ROS_ASP3/v2_yaml_gen_code'
[0.252s] Level 1:colcon.colcon_core.package_identification:_identify(.) by extensions ['ignore', 'ignore_ament_install']
[0.252s] Level 1:colcon.colcon_core.package_identification:_identify(.) by extension 'ignore'
[0.252s] Level 1:colcon.colcon_core.package_identification:_identify(.) by extension 'ignore_ament_install'
[0.252s] Level 1:colcon.colcon_core.package_identification:_identify(.) by extensions ['colcon_pkg']
[0.252s] Level 1:colcon.colcon_core.package_identification:_identify(.) by extension 'colcon_pkg'
[0.252s] Level 1:colcon.colcon_core.package_identification:_identify(.) by extensions ['colcon_meta']
[0.252s] Level 1:colcon.colcon_core.package_identification:_identify(.) by extension 'colcon_meta'
[0.252s] Level 1:colcon.colcon_core.package_identification:_identify(.) by extensions ['ros']
[0.253s] Level 1:colcon.colcon_core.package_identification:_identify(.) by extension 'ros'
[0.260s] Level 1:colcon.colcon_core.package_identification:_identify(.) by extensions ['cmake', 'python']
[0.260s] Level 1:colcon.colcon_core.package_identification:_identify(.) by extension 'cmake'
[0.260s] Level 1:colcon.colcon_core.package_identification:_identify(.) by extension 'python'
[0.260s] Level 1:colcon.colcon_core.package_identification:_identify(.) by extensions ['python_setup_py']
[0.260s] Level 1:colcon.colcon_core.package_identification:_identify(.) by extension 'python_setup_py'
[0.260s] Level 1:colcon.colcon_core.package_identification:_identify(__pycache__) by extensions ['ignore', 'ignore_ament_install']
[0.260s] Level 1:colcon.colcon_core.package_identification:_identify(__pycache__) by extension 'ignore'
[0.260s] Level 1:colcon.colcon_core.package_identification:_identify(__pycache__) by extension 'ignore_ament_install'
[0.260s] Level 1:colcon.colcon_core.package_identification:_identify(__pycache__) by extensions ['colcon_pkg']
[0.260s] Level 1:colcon.colcon_core.package_identification:_identify(__pycache__) by extension 'colcon_pkg'
[0.260s] Level 1:colcon.colcon_core.package_identification:_identify(__pycache__) by extensions ['colcon_meta']
[0.260s] Level 1:colcon.colcon_core.package_identification:_identify(__pycache__) by extension 'colcon_meta'
[0.260s] Level 1:colcon.colcon_core.package_identification:_identify(__pycache__) by extensions ['ros']
[0.260s] Level 1:colcon.colcon_core.package_identification:_identify(__pycache__) by extension 'ros'
[0.260s] Level 1:colcon.colcon_core.package_identification:_identify(__pycache__) by extensions ['cmake', 'python']
[0.260s] Level 1:colcon.colcon_core.package_identification:_identify(__pycache__) by extension 'cmake'
[0.261s] Level 1:colcon.colcon_core.package_identification:_identify(__pycache__) by extension 'python'
[0.261s] Level 1:colcon.colcon_core.package_identification:_identify(__pycache__) by extensions ['python_setup_py']
[0.261s] Level 1:colcon.colcon_core.package_identification:_identify(__pycache__) by extension 'python_setup_py'
[0.261s] Level 1:colcon.colcon_core.package_identification:_identify(build) by extensions ['ignore', 'ignore_ament_install']
[0.261s] Level 1:colcon.colcon_core.package_identification:_identify(build) by extension 'ignore'
[0.261s] Level 1:colcon.colcon_core.package_identification:_identify(build) ignored
[0.261s] Level 1:colcon.colcon_core.package_identification:_identify(config_generator) by extensions ['ignore', 'ignore_ament_install']
[0.261s] Level 1:colcon.colcon_core.package_identification:_identify(config_generator) by extension 'ignore'
[0.261s] Level 1:colcon.colcon_core.package_identification:_identify(config_generator) by extension 'ignore_ament_install'
[0.261s] Level 1:colcon.colcon_core.package_identification:_identify(config_generator) by extensions ['colcon_pkg']
[0.261s] Level 1:colcon.colcon_core.package_identification:_identify(config_generator) by extension 'colcon_pkg'
[0.261s] Level 1:colcon.colcon_core.package_identification:_identify(config_generator) by extensions ['colcon_meta']
[0.261s] Level 1:colcon.colcon_core.package_identification:_identify(config_generator) by extension 'colcon_meta'
[0.261s] Level 1:colcon.colcon_core.package_identification:_identify(config_generator) by extensions ['ros']
[0.261s] Level 1:colcon.colcon_core.package_identification:_identify(config_generator) by extension 'ros'
[0.261s] Level 1:colcon.colcon_core.package_identification:_identify(config_generator) by extensions ['cmake', 'python']
[0.261s] Level 1:colcon.colcon_core.package_identification:_identify(config_generator) by extension 'cmake'
[0.261s] Level 1:colcon.colcon_core.package_identification:_identify(config_generator) by extension 'python'
[0.261s] Level 1:colcon.colcon_core.package_identification:_identify(config_generator) by extensions ['python_setup_py']
[0.261s] Level 1:colcon.colcon_core.package_identification:_identify(config_generator) by extension 'python_setup_py'
[0.261s] Level 1:colcon.colcon_core.package_identification:_identify(config_generator/__pycache__) by extensions ['ignore', 'ignore_ament_install']
[0.261s] Level 1:colcon.colcon_core.package_identification:_identify(config_generator/__pycache__) by extension 'ignore'
[0.261s] Level 1:colcon.colcon_core.package_identification:_identify(config_generator/__pycache__) by extension 'ignore_ament_install'
[0.261s] Level 1:colcon.colcon_core.package_identification:_identify(config_generator/__pycache__) by extensions ['colcon_pkg']
[0.261s] Level 1:colcon.colcon_core.package_identification:_identify(config_generator/__pycache__) by extension 'colcon_pkg'
[0.261s] Level 1:colcon.colcon_core.package_identification:_identify(config_generator/__pycache__) by extensions ['colcon_meta']
[0.262s] Level 1:colcon.colcon_core.package_identification:_identify(config_generator/__pycache__) by extension 'colcon_meta'
[0.262s] Level 1:colcon.colcon_core.package_identification:_identify(config_generator/__pycache__) by extensions ['ros']
[0.262s] Level 1:colcon.colcon_core.package_identification:_identify(config_generator/__pycache__) by extension 'ros'
[0.262s] Level 1:colcon.colcon_core.package_identification:_identify(config_generator/__pycache__) by extensions ['cmake', 'python']
[0.262s] Level 1:colcon.colcon_core.package_identification:_identify(config_generator/__pycache__) by extension 'cmake'
[0.262s] Level 1:colcon.colcon_core.package_identification:_identify(config_generator/__pycache__) by extension 'python'
[0.262s] Level 1:colcon.colcon_core.package_identification:_identify(config_generator/__pycache__) by extensions ['python_setup_py']
[0.262s] Level 1:colcon.colcon_core.package_identification:_identify(config_generator/__pycache__) by extension 'python_setup_py'
[0.262s] Level 1:colcon.colcon_core.package_identification:_identify(file_generator) by extensions ['ignore', 'ignore_ament_install']
[0.262s] Level 1:colcon.colcon_core.package_identification:_identify(file_generator) by extension 'ignore'
[0.262s] Level 1:colcon.colcon_core.package_identification:_identify(file_generator) by extension 'ignore_ament_install'
[0.262s] Level 1:colcon.colcon_core.package_identification:_identify(file_generator) by extensions ['colcon_pkg']
[0.262s] Level 1:colcon.colcon_core.package_identification:_identify(file_generator) by extension 'colcon_pkg'
[0.262s] Level 1:colcon.colcon_core.package_identification:_identify(file_generator) by extensions ['colcon_meta']
[0.262s] Level 1:colcon.colcon_core.package_identification:_identify(file_generator) by extension 'colcon_meta'
[0.262s] Level 1:colcon.colcon_core.package_identification:_identify(file_generator) by extensions ['ros']
[0.262s] Level 1:colcon.colcon_core.package_identification:_identify(file_generator) by extension 'ros'
[0.262s] Level 1:colcon.colcon_core.package_identification:_identify(file_generator) by extensions ['cmake', 'python']
[0.262s] Level 1:colcon.colcon_core.package_identification:_identify(file_generator) by extension 'cmake'
[0.262s] Level 1:colcon.colcon_core.package_identification:_identify(file_generator) by extension 'python'
[0.262s] Level 1:colcon.colcon_core.package_identification:_identify(file_generator) by extensions ['python_setup_py']
[0.262s] Level 1:colcon.colcon_core.package_identification:_identify(file_generator) by extension 'python_setup_py'
[0.262s] Level 1:colcon.colcon_core.package_identification:_identify(file_generator/__pycache__) by extensions ['ignore', 'ignore_ament_install']
[0.262s] Level 1:colcon.colcon_core.package_identification:_identify(file_generator/__pycache__) by extension 'ignore'
[0.262s] Level 1:colcon.colcon_core.package_identification:_identify(file_generator/__pycache__) by extension 'ignore_ament_install'
[0.262s] Level 1:colcon.colcon_core.package_identification:_identify(file_generator/__pycache__) by extensions ['colcon_pkg']
[0.262s] Level 1:colcon.colcon_core.package_identification:_identify(file_generator/__pycache__) by extension 'colcon_pkg'
[0.263s] Level 1:colcon.colcon_core.package_identification:_identify(file_generator/__pycache__) by extensions ['colcon_meta']
[0.263s] Level 1:colcon.colcon_core.package_identification:_identify(file_generator/__pycache__) by extension 'colcon_meta'
[0.263s] Level 1:colcon.colcon_core.package_identification:_identify(file_generator/__pycache__) by extensions ['ros']
[0.263s] Level 1:colcon.colcon_core.package_identification:_identify(file_generator/__pycache__) by extension 'ros'
[0.263s] Level 1:colcon.colcon_core.package_identification:_identify(file_generator/__pycache__) by extensions ['cmake', 'python']
[0.263s] Level 1:colcon.colcon_core.package_identification:_identify(file_generator/__pycache__) by extension 'cmake'
[0.263s] Level 1:colcon.colcon_core.package_identification:_identify(file_generator/__pycache__) by extension 'python'
[0.263s] Level 1:colcon.colcon_core.package_identification:_identify(file_generator/__pycache__) by extensions ['python_setup_py']
[0.263s] Level 1:colcon.colcon_core.package_identification:_identify(file_generator/__pycache__) by extension 'python_setup_py'
[0.263s] Level 1:colcon.colcon_core.package_identification:_identify(gen) by extensions ['ignore', 'ignore_ament_install']
[0.263s] Level 1:colcon.colcon_core.package_identification:_identify(gen) by extension 'ignore'
[0.263s] Level 1:colcon.colcon_core.package_identification:_identify(gen) by extension 'ignore_ament_install'
[0.263s] Level 1:colcon.colcon_core.package_identification:_identify(gen) by extensions ['colcon_pkg']
[0.263s] Level 1:colcon.colcon_core.package_identification:_identify(gen) by extension 'colcon_pkg'
[0.263s] Level 1:colcon.colcon_core.package_identification:_identify(gen) by extensions ['colcon_meta']
[0.263s] Level 1:colcon.colcon_core.package_identification:_identify(gen) by extension 'colcon_meta'
[0.263s] Level 1:colcon.colcon_core.package_identification:_identify(gen) by extensions ['ros']
[0.263s] Level 1:colcon.colcon_core.package_identification:_identify(gen) by extension 'ros'
[0.263s] Level 1:colcon.colcon_core.package_identification:_identify(gen) by extensions ['cmake', 'python']
[0.263s] Level 1:colcon.colcon_core.package_identification:_identify(gen) by extension 'cmake'
[0.263s] Level 1:colcon.colcon_core.package_identification:_identify(gen) by extension 'python'
[0.263s] Level 1:colcon.colcon_core.package_identification:_identify(gen) by extensions ['python_setup_py']
[0.263s] Level 1:colcon.colcon_core.package_identification:_identify(gen) by extension 'python_setup_py'
[0.263s] Level 1:colcon.colcon_core.package_identification:_identify(gen/spike_ros_msg) by extensions ['ignore', 'ignore_ament_install']
[0.263s] Level 1:colcon.colcon_core.package_identification:_identify(gen/spike_ros_msg) by extension 'ignore'
[0.263s] Level 1:colcon.colcon_core.package_identification:_identify(gen/spike_ros_msg) by extension 'ignore_ament_install'
[0.263s] Level 1:colcon.colcon_core.package_identification:_identify(gen/spike_ros_msg) by extensions ['colcon_pkg']
[0.263s] Level 1:colcon.colcon_core.package_identification:_identify(gen/spike_ros_msg) by extension 'colcon_pkg'
[0.263s] Level 1:colcon.colcon_core.package_identification:_identify(gen/spike_ros_msg) by extensions ['colcon_meta']
[0.263s] Level 1:colcon.colcon_core.package_identification:_identify(gen/spike_ros_msg) by extension 'colcon_meta'
[0.264s] Level 1:colcon.colcon_core.package_identification:_identify(gen/spike_ros_msg) by extensions ['ros']
[0.264s] Level 1:colcon.colcon_core.package_identification:_identify(gen/spike_ros_msg) by extension 'ros'
[0.265s] DEBUG:colcon.colcon_core.package_identification:Package 'gen/spike_ros_msg' with type 'ros.ament_cmake' and name 'spike_ros_msg'
[0.265s] Level 1:colcon.colcon_core.package_identification:_identify(gen/spike_rt_uros) by extensions ['ignore', 'ignore_ament_install']
[0.265s] Level 1:colcon.colcon_core.package_identification:_identify(gen/spike_rt_uros) by extension 'ignore'
[0.265s] Level 1:colcon.colcon_core.package_identification:_identify(gen/spike_rt_uros) by extension 'ignore_ament_install'
[0.265s] Level 1:colcon.colcon_core.package_identification:_identify(gen/spike_rt_uros) by extensions ['colcon_pkg']
[0.265s] Level 1:colcon.colcon_core.package_identification:_identify(gen/spike_rt_uros) by extension 'colcon_pkg'
[0.265s] Level 1:colcon.colcon_core.package_identification:_identify(gen/spike_rt_uros) by extensions ['colcon_meta']
[0.265s] Level 1:colcon.colcon_core.package_identification:_identify(gen/spike_rt_uros) by extension 'colcon_meta'
[0.265s] Level 1:colcon.colcon_core.package_identification:_identify(gen/spike_rt_uros) by extensions ['ros']
[0.265s] Level 1:colcon.colcon_core.package_identification:_identify(gen/spike_rt_uros) by extension 'ros'
[0.265s] Level 1:colcon.colcon_core.package_identification:_identify(gen/spike_rt_uros) by extensions ['cmake', 'python']
[0.265s] Level 1:colcon.colcon_core.package_identification:_identify(gen/spike_rt_uros) by extension 'cmake'
[0.265s] Level 1:colcon.colcon_core.package_identification:_identify(gen/spike_rt_uros) by extension 'python'
[0.265s] Level 1:colcon.colcon_core.package_identification:_identify(gen/spike_rt_uros) by extensions ['python_setup_py']
[0.265s] Level 1:colcon.colcon_core.package_identification:_identify(gen/spike_rt_uros) by extension 'python_setup_py'
[0.266s] Level 1:colcon.colcon_core.package_identification:_identify(gen/spike_rt_uros/objs) by extensions ['ignore', 'ignore_ament_install']
[0.266s] Level 1:colcon.colcon_core.package_identification:_identify(gen/spike_rt_uros/objs) by extension 'ignore'
[0.266s] Level 1:colcon.colcon_core.package_identification:_identify(gen/spike_rt_uros/objs) by extension 'ignore_ament_install'
[0.266s] Level 1:colcon.colcon_core.package_identification:_identify(gen/spike_rt_uros/objs) by extensions ['colcon_pkg']
[0.266s] Level 1:colcon.colcon_core.package_identification:_identify(gen/spike_rt_uros/objs) by extension 'colcon_pkg'
[0.266s] Level 1:colcon.colcon_core.package_identification:_identify(gen/spike_rt_uros/objs) by extensions ['colcon_meta']
[0.266s] Level 1:colcon.colcon_core.package_identification:_identify(gen/spike_rt_uros/objs) by extension 'colcon_meta'
[0.266s] Level 1:colcon.colcon_core.package_identification:_identify(gen/spike_rt_uros/objs) by extensions ['ros']
[0.266s] Level 1:colcon.colcon_core.package_identification:_identify(gen/spike_rt_uros/objs) by extension 'ros'
[0.266s] Level 1:colcon.colcon_core.package_identification:_identify(gen/spike_rt_uros/objs) by extensions ['cmake', 'python']
[0.266s] Level 1:colcon.colcon_core.package_identification:_identify(gen/spike_rt_uros/objs) by extension 'cmake'
[0.266s] Level 1:colcon.colcon_core.package_identification:_identify(gen/spike_rt_uros/objs) by extension 'python'
[0.266s] Level 1:colcon.colcon_core.package_identification:_identify(gen/spike_rt_uros/objs) by extensions ['python_setup_py']
[0.266s] Level 1:colcon.colcon_core.package_identification:_identify(gen/spike_rt_uros/objs) by extension 'python_setup_py'
[0.266s] Level 1:colcon.colcon_core.package_identification:_identify(install) by extensions ['ignore', 'ignore_ament_install']
[0.266s] Level 1:colcon.colcon_core.package_identification:_identify(install) by extension 'ignore'
[0.266s] Level 1:colcon.colcon_core.package_identification:_identify(install) ignored
[0.266s] Level 1:colcon.colcon_core.package_identification:_identify(lib) by extensions ['ignore', 'ignore_ament_install']
[0.266s] Level 1:colcon.colcon_core.package_identification:_identify(lib) by extension 'ignore'
[0.266s] Level 1:colcon.colcon_core.package_identification:_identify(lib) by extension 'ignore_ament_install'
[0.266s] Level 1:colcon.colcon_core.package_identification:_identify(lib) by extensions ['colcon_pkg']
[0.266s] Level 1:colcon.colcon_core.package_identification:_identify(lib) by extension 'colcon_pkg'
[0.266s] Level 1:colcon.colcon_core.package_identification:_identify(lib) by extensions ['colcon_meta']
[0.266s] Level 1:colcon.colcon_core.package_identification:_identify(lib) by extension 'colcon_meta'
[0.266s] Level 1:colcon.colcon_core.package_identification:_identify(lib) by extensions ['ros']
[0.266s] Level 1:colcon.colcon_core.package_identification:_identify(lib) by extension 'ros'
[0.266s] Level 1:colcon.colcon_core.package_identification:_identify(lib) by extensions ['cmake', 'python']
[0.267s] Level 1:colcon.colcon_core.package_identification:_identify(lib) by extension 'cmake'
[0.267s] Level 1:colcon.colcon_core.package_identification:_identify(lib) by extension 'python'
[0.267s] Level 1:colcon.colcon_core.package_identification:_identify(lib) by extensions ['python_setup_py']
[0.267s] Level 1:colcon.colcon_core.package_identification:_identify(lib) by extension 'python_setup_py'
[0.267s] Level 1:colcon.colcon_core.package_identification:_identify(lib/c_body) by extensions ['ignore', 'ignore_ament_install']
[0.267s] Level 1:colcon.colcon_core.package_identification:_identify(lib/c_body) by extension 'ignore'
[0.267s] Level 1:colcon.colcon_core.package_identification:_identify(lib/c_body) by extension 'ignore_ament_install'
[0.267s] Level 1:colcon.colcon_core.package_identification:_identify(lib/c_body) by extensions ['colcon_pkg']
[0.267s] Level 1:colcon.colcon_core.package_identification:_identify(lib/c_body) by extension 'colcon_pkg'
[0.267s] Level 1:colcon.colcon_core.package_identification:_identify(lib/c_body) by extensions ['colcon_meta']
[0.267s] Level 1:colcon.colcon_core.package_identification:_identify(lib/c_body) by extension 'colcon_meta'
[0.267s] Level 1:colcon.colcon_core.package_identification:_identify(lib/c_body) by extensions ['ros']
[0.267s] Level 1:colcon.colcon_core.package_identification:_identify(lib/c_body) by extension 'ros'
[0.267s] Level 1:colcon.colcon_core.package_identification:_identify(lib/c_body) by extensions ['cmake', 'python']
[0.267s] Level 1:colcon.colcon_core.package_identification:_identify(lib/c_body) by extension 'cmake'
[0.267s] Level 1:colcon.colcon_core.package_identification:_identify(lib/c_body) by extension 'python'
[0.267s] Level 1:colcon.colcon_core.package_identification:_identify(lib/c_body) by extensions ['python_setup_py']
[0.267s] Level 1:colcon.colcon_core.package_identification:_identify(lib/c_body) by extension 'python_setup_py'
[0.267s] Level 1:colcon.colcon_core.package_identification:_identify(lib/c_body/bace) by extensions ['ignore', 'ignore_ament_install']
[0.267s] Level 1:colcon.colcon_core.package_identification:_identify(lib/c_body/bace) by extension 'ignore'
[0.267s] Level 1:colcon.colcon_core.package_identification:_identify(lib/c_body/bace) by extension 'ignore_ament_install'
[0.267s] Level 1:colcon.colcon_core.package_identification:_identify(lib/c_body/bace) by extensions ['colcon_pkg']
[0.267s] Level 1:colcon.colcon_core.package_identification:_identify(lib/c_body/bace) by extension 'colcon_pkg'
[0.267s] Level 1:colcon.colcon_core.package_identification:_identify(lib/c_body/bace) by extensions ['colcon_meta']
[0.267s] Level 1:colcon.colcon_core.package_identification:_identify(lib/c_body/bace) by extension 'colcon_meta'
[0.267s] Level 1:colcon.colcon_core.package_identification:_identify(lib/c_body/bace) by extensions ['ros']
[0.267s] Level 1:colcon.colcon_core.package_identification:_identify(lib/c_body/bace) by extension 'ros'
[0.267s] Level 1:colcon.colcon_core.package_identification:_identify(lib/c_body/bace) by extensions ['cmake', 'python']
[0.268s] Level 1:colcon.colcon_core.package_identification:_identify(lib/c_body/bace) by extension 'cmake'
[0.268s] Level 1:colcon.colcon_core.package_identification:_identify(lib/c_body/bace) by extension 'python'
[0.268s] Level 1:colcon.colcon_core.package_identification:_identify(lib/c_body/bace) by extensions ['python_setup_py']
[0.268s] Level 1:colcon.colcon_core.package_identification:_identify(lib/c_body/bace) by extension 'python_setup_py'
[0.268s] Level 1:colcon.colcon_core.package_identification:_identify(lib/c_body/battery) by extensions ['ignore', 'ignore_ament_install']
[0.268s] Level 1:colcon.colcon_core.package_identification:_identify(lib/c_body/battery) by extension 'ignore'
[0.268s] Level 1:colcon.colcon_core.package_identification:_identify(lib/c_body/battery) by extension 'ignore_ament_install'
[0.268s] Level 1:colcon.colcon_core.package_identification:_identify(lib/c_body/battery) by extensions ['colcon_pkg']
[0.268s] Level 1:colcon.colcon_core.package_identification:_identify(lib/c_body/battery) by extension 'colcon_pkg'
[0.268s] Level 1:colcon.colcon_core.package_identification:_identify(lib/c_body/battery) by extensions ['colcon_meta']
[0.268s] Level 1:colcon.colcon_core.package_identification:_identify(lib/c_body/battery) by extension 'colcon_meta'
[0.268s] Level 1:colcon.colcon_core.package_identification:_identify(lib/c_body/battery) by extensions ['ros']
[0.268s] Level 1:colcon.colcon_core.package_identification:_identify(lib/c_body/battery) by extension 'ros'
[0.268s] Level 1:colcon.colcon_core.package_identification:_identify(lib/c_body/battery) by extensions ['cmake', 'python']
[0.268s] Level 1:colcon.colcon_core.package_identification:_identify(lib/c_body/battery) by extension 'cmake'
[0.268s] Level 1:colcon.colcon_core.package_identification:_identify(lib/c_body/battery) by extension 'python'
[0.268s] Level 1:colcon.colcon_core.package_identification:_identify(lib/c_body/battery) by extensions ['python_setup_py']
[0.268s] Level 1:colcon.colcon_core.package_identification:_identify(lib/c_body/battery) by extension 'python_setup_py'
[0.268s] Level 1:colcon.colcon_core.package_identification:_identify(lib/c_body/button) by extensions ['ignore', 'ignore_ament_install']
[0.268s] Level 1:colcon.colcon_core.package_identification:_identify(lib/c_body/button) by extension 'ignore'
[0.268s] Level 1:colcon.colcon_core.package_identification:_identify(lib/c_body/button) by extension 'ignore_ament_install'
[0.268s] Level 1:colcon.colcon_core.package_identification:_identify(lib/c_body/button) by extensions ['colcon_pkg']
[0.268s] Level 1:colcon.colcon_core.package_identification:_identify(lib/c_body/button) by extension 'colcon_pkg'
[0.268s] Level 1:colcon.colcon_core.package_identification:_identify(lib/c_body/button) by extensions ['colcon_meta']
[0.268s] Level 1:colcon.colcon_core.package_identification:_identify(lib/c_body/button) by extension 'colcon_meta'
[0.268s] Level 1:colcon.colcon_core.package_identification:_identify(lib/c_body/button) by extensions ['ros']
[0.268s] Level 1:colcon.colcon_core.package_identification:_identify(lib/c_body/button) by extension 'ros'
[0.268s] Level 1:colcon.colcon_core.package_identification:_identify(lib/c_body/button) by extensions ['cmake', 'python']
[0.268s] Level 1:colcon.colcon_core.package_identification:_identify(lib/c_body/button) by extension 'cmake'
[0.268s] Level 1:colcon.colcon_core.package_identification:_identify(lib/c_body/button) by extension 'python'
[0.269s] Level 1:colcon.colcon_core.package_identification:_identify(lib/c_body/button) by extensions ['python_setup_py']
[0.269s] Level 1:colcon.colcon_core.package_identification:_identify(lib/c_body/button) by extension 'python_setup_py'
[0.269s] Level 1:colcon.colcon_core.package_identification:_identify(lib/c_body/color_sensor) by extensions ['ignore', 'ignore_ament_install']
[0.269s] Level 1:colcon.colcon_core.package_identification:_identify(lib/c_body/color_sensor) by extension 'ignore'
[0.269s] Level 1:colcon.colcon_core.package_identification:_identify(lib/c_body/color_sensor) by extension 'ignore_ament_install'
[0.269s] Level 1:colcon.colcon_core.package_identification:_identify(lib/c_body/color_sensor) by extensions ['colcon_pkg']
[0.269s] Level 1:colcon.colcon_core.package_identification:_identify(lib/c_body/color_sensor) by extension 'colcon_pkg'
[0.269s] Level 1:colcon.colcon_core.package_identification:_identify(lib/c_body/color_sensor) by extensions ['colcon_meta']
[0.269s] Level 1:colcon.colcon_core.package_identification:_identify(lib/c_body/color_sensor) by extension 'colcon_meta'
[0.269s] Level 1:colcon.colcon_core.package_identification:_identify(lib/c_body/color_sensor) by extensions ['ros']
[0.269s] Level 1:colcon.colcon_core.package_identification:_identify(lib/c_body/color_sensor) by extension 'ros'
[0.269s] Level 1:colcon.colcon_core.package_identification:_identify(lib/c_body/color_sensor) by extensions ['cmake', 'python']
[0.269s] Level 1:colcon.colcon_core.package_identification:_identify(lib/c_body/color_sensor) by extension 'cmake'
[0.269s] Level 1:colcon.colcon_core.package_identification:_identify(lib/c_body/color_sensor) by extension 'python'
[0.269s] Level 1:colcon.colcon_core.package_identification:_identify(lib/c_body/color_sensor) by extensions ['python_setup_py']
[0.269s] Level 1:colcon.colcon_core.package_identification:_identify(lib/c_body/color_sensor) by extension 'python_setup_py'
[0.269s] Level 1:colcon.colcon_core.package_identification:_identify(lib/c_body/force_sensor) by extensions ['ignore', 'ignore_ament_install']
[0.269s] Level 1:colcon.colcon_core.package_identification:_identify(lib/c_body/force_sensor) by extension 'ignore'
[0.269s] Level 1:colcon.colcon_core.package_identification:_identify(lib/c_body/force_sensor) by extension 'ignore_ament_install'
[0.269s] Level 1:colcon.colcon_core.package_identification:_identify(lib/c_body/force_sensor) by extensions ['colcon_pkg']
[0.269s] Level 1:colcon.colcon_core.package_identification:_identify(lib/c_body/force_sensor) by extension 'colcon_pkg'
[0.269s] Level 1:colcon.colcon_core.package_identification:_identify(lib/c_body/force_sensor) by extensions ['colcon_meta']
[0.269s] Level 1:colcon.colcon_core.package_identification:_identify(lib/c_body/force_sensor) by extension 'colcon_meta'
[0.269s] Level 1:colcon.colcon_core.package_identification:_identify(lib/c_body/force_sensor) by extensions ['ros']
[0.269s] Level 1:colcon.colcon_core.package_identification:_identify(lib/c_body/force_sensor) by extension 'ros'
[0.269s] Level 1:colcon.colcon_core.package_identification:_identify(lib/c_body/force_sensor) by extensions ['cmake', 'python']
[0.269s] Level 1:colcon.colcon_core.package_identification:_identify(lib/c_body/force_sensor) by extension 'cmake'
[0.269s] Level 1:colcon.colcon_core.package_identification:_identify(lib/c_body/force_sensor) by extension 'python'
[0.269s] Level 1:colcon.colcon_core.package_identification:_identify(lib/c_body/force_sensor) by extensions ['python_setup_py']
[0.270s] Level 1:colcon.colcon_core.package_identification:_identify(lib/c_body/force_sensor) by extension 'python_setup_py'
[0.270s] Level 1:colcon.colcon_core.package_identification:_identify(lib/c_body/imu) by extensions ['ignore', 'ignore_ament_install']
[0.270s] Level 1:colcon.colcon_core.package_identification:_identify(lib/c_body/imu) by extension 'ignore'
[0.270s] Level 1:colcon.colcon_core.package_identification:_identify(lib/c_body/imu) by extension 'ignore_ament_install'
[0.270s] Level 1:colcon.colcon_core.package_identification:_identify(lib/c_body/imu) by extensions ['colcon_pkg']
[0.270s] Level 1:colcon.colcon_core.package_identification:_identify(lib/c_body/imu) by extension 'colcon_pkg'
[0.270s] Level 1:colcon.colcon_core.package_identification:_identify(lib/c_body/imu) by extensions ['colcon_meta']
[0.270s] Level 1:colcon.colcon_core.package_identification:_identify(lib/c_body/imu) by extension 'colcon_meta'
[0.270s] Level 1:colcon.colcon_core.package_identification:_identify(lib/c_body/imu) by extensions ['ros']
[0.270s] Level 1:colcon.colcon_core.package_identification:_identify(lib/c_body/imu) by extension 'ros'
[0.270s] Level 1:colcon.colcon_core.package_identification:_identify(lib/c_body/imu) by extensions ['cmake', 'python']
[0.270s] Level 1:colcon.colcon_core.package_identification:_identify(lib/c_body/imu) by extension 'cmake'
[0.270s] Level 1:colcon.colcon_core.package_identification:_identify(lib/c_body/imu) by extension 'python'
[0.270s] Level 1:colcon.colcon_core.package_identification:_identify(lib/c_body/imu) by extensions ['python_setup_py']
[0.270s] Level 1:colcon.colcon_core.package_identification:_identify(lib/c_body/imu) by extension 'python_setup_py'
[0.270s] Level 1:colcon.colcon_core.package_identification:_identify(lib/c_body/motor) by extensions ['ignore', 'ignore_ament_install']
[0.270s] Level 1:colcon.colcon_core.package_identification:_identify(lib/c_body/motor) by extension 'ignore'
[0.270s] Level 1:colcon.colcon_core.package_identification:_identify(lib/c_body/motor) by extension 'ignore_ament_install'
[0.270s] Level 1:colcon.colcon_core.package_identification:_identify(lib/c_body/motor) by extensions ['colcon_pkg']
[0.270s] Level 1:colcon.colcon_core.package_identification:_identify(lib/c_body/motor) by extension 'colcon_pkg'
[0.270s] Level 1:colcon.colcon_core.package_identification:_identify(lib/c_body/motor) by extensions ['colcon_meta']
[0.270s] Level 1:colcon.colcon_core.package_identification:_identify(lib/c_body/motor) by extension 'colcon_meta'
[0.270s] Level 1:colcon.colcon_core.package_identification:_identify(lib/c_body/motor) by extensions ['ros']
[0.270s] Level 1:colcon.colcon_core.package_identification:_identify(lib/c_body/motor) by extension 'ros'
[0.270s] Level 1:colcon.colcon_core.package_identification:_identify(lib/c_body/motor) by extensions ['cmake', 'python']
[0.270s] Level 1:colcon.colcon_core.package_identification:_identify(lib/c_body/motor) by extension 'cmake'
[0.270s] Level 1:colcon.colcon_core.package_identification:_identify(lib/c_body/motor) by extension 'python'
[0.270s] Level 1:colcon.colcon_core.package_identification:_identify(lib/c_body/motor) by extensions ['python_setup_py']
[0.271s] Level 1:colcon.colcon_core.package_identification:_identify(lib/c_body/motor) by extension 'python_setup_py'
[0.271s] Level 1:colcon.colcon_core.package_identification:_identify(lib/c_body/speaker) by extensions ['ignore', 'ignore_ament_install']
[0.271s] Level 1:colcon.colcon_core.package_identification:_identify(lib/c_body/speaker) by extension 'ignore'
[0.271s] Level 1:colcon.colcon_core.package_identification:_identify(lib/c_body/speaker) by extension 'ignore_ament_install'
[0.271s] Level 1:colcon.colcon_core.package_identification:_identify(lib/c_body/speaker) by extensions ['colcon_pkg']
[0.271s] Level 1:colcon.colcon_core.package_identification:_identify(lib/c_body/speaker) by extension 'colcon_pkg'
[0.271s] Level 1:colcon.colcon_core.package_identification:_identify(lib/c_body/speaker) by extensions ['colcon_meta']
[0.271s] Level 1:colcon.colcon_core.package_identification:_identify(lib/c_body/speaker) by extension 'colcon_meta'
[0.271s] Level 1:colcon.colcon_core.package_identification:_identify(lib/c_body/speaker) by extensions ['ros']
[0.271s] Level 1:colcon.colcon_core.package_identification:_identify(lib/c_body/speaker) by extension 'ros'
[0.271s] Level 1:colcon.colcon_core.package_identification:_identify(lib/c_body/speaker) by extensions ['cmake', 'python']
[0.271s] Level 1:colcon.colcon_core.package_identification:_identify(lib/c_body/speaker) by extension 'cmake'
[0.271s] Level 1:colcon.colcon_core.package_identification:_identify(lib/c_body/speaker) by extension 'python'
[0.271s] Level 1:colcon.colcon_core.package_identification:_identify(lib/c_body/speaker) by extensions ['python_setup_py']
[0.271s] Level 1:colcon.colcon_core.package_identification:_identify(lib/c_body/speaker) by extension 'python_setup_py'
[0.271s] Level 1:colcon.colcon_core.package_identification:_identify(lib/c_body/ultrasonic_sensor) by extensions ['ignore', 'ignore_ament_install']
[0.271s] Level 1:colcon.colcon_core.package_identification:_identify(lib/c_body/ultrasonic_sensor) by extension 'ignore'
[0.271s] Level 1:colcon.colcon_core.package_identification:_identify(lib/c_body/ultrasonic_sensor) by extension 'ignore_ament_install'
[0.271s] Level 1:colcon.colcon_core.package_identification:_identify(lib/c_body/ultrasonic_sensor) by extensions ['colcon_pkg']
[0.271s] Level 1:colcon.colcon_core.package_identification:_identify(lib/c_body/ultrasonic_sensor) by extension 'colcon_pkg'
[0.271s] Level 1:colcon.colcon_core.package_identification:_identify(lib/c_body/ultrasonic_sensor) by extensions ['colcon_meta']
[0.271s] Level 1:colcon.colcon_core.package_identification:_identify(lib/c_body/ultrasonic_sensor) by extension 'colcon_meta'
[0.271s] Level 1:colcon.colcon_core.package_identification:_identify(lib/c_body/ultrasonic_sensor) by extensions ['ros']
[0.271s] Level 1:colcon.colcon_core.package_identification:_identify(lib/c_body/ultrasonic_sensor) by extension 'ros'
[0.271s] Level 1:colcon.colcon_core.package_identification:_identify(lib/c_body/ultrasonic_sensor) by extensions ['cmake', 'python']
[0.271s] Level 1:colcon.colcon_core.package_identification:_identify(lib/c_body/ultrasonic_sensor) by extension 'cmake'
[0.271s] Level 1:colcon.colcon_core.package_identification:_identify(lib/c_body/ultrasonic_sensor) by extension 'python'
[0.271s] Level 1:colcon.colcon_core.package_identification:_identify(lib/c_body/ultrasonic_sensor) by extensions ['python_setup_py']
[0.271s] Level 1:colcon.colcon_core.package_identification:_identify(lib/c_body/ultrasonic_sensor) by extension 'python_setup_py'
[0.272s] Level 1:colcon.colcon_core.package_identification:_identify(lib/msg) by extensions ['ignore', 'ignore_ament_install']
[0.272s] Level 1:colcon.colcon_core.package_identification:_identify(lib/msg) by extension 'ignore'
[0.272s] Level 1:colcon.colcon_core.package_identification:_identify(lib/msg) by extension 'ignore_ament_install'
[0.272s] Level 1:colcon.colcon_core.package_identification:_identify(lib/msg) by extensions ['colcon_pkg']
[0.272s] Level 1:colcon.colcon_core.package_identification:_identify(lib/msg) by extension 'colcon_pkg'
[0.272s] Level 1:colcon.colcon_core.package_identification:_identify(lib/msg) by extensions ['colcon_meta']
[0.272s] Level 1:colcon.colcon_core.package_identification:_identify(lib/msg) by extension 'colcon_meta'
[0.272s] Level 1:colcon.colcon_core.package_identification:_identify(lib/msg) by extensions ['ros']
[0.272s] Level 1:colcon.colcon_core.package_identification:_identify(lib/msg) by extension 'ros'
[0.272s] Level 1:colcon.colcon_core.package_identification:_identify(lib/msg) by extensions ['cmake', 'python']
[0.272s] Level 1:colcon.colcon_core.package_identification:_identify(lib/msg) by extension 'cmake'
[0.272s] Level 1:colcon.colcon_core.package_identification:_identify(lib/msg) by extension 'python'
[0.272s] Level 1:colcon.colcon_core.package_identification:_identify(lib/msg) by extensions ['python_setup_py']
[0.272s] Level 1:colcon.colcon_core.package_identification:_identify(lib/msg) by extension 'python_setup_py'
[0.272s] Level 1:colcon.colcon_core.package_identification:_identify(lib/msg/source) by extensions ['ignore', 'ignore_ament_install']
[0.272s] Level 1:colcon.colcon_core.package_identification:_identify(lib/msg/source) by extension 'ignore'
[0.272s] Level 1:colcon.colcon_core.package_identification:_identify(lib/msg/source) by extension 'ignore_ament_install'
[0.272s] Level 1:colcon.colcon_core.package_identification:_identify(lib/msg/source) by extensions ['colcon_pkg']
[0.272s] Level 1:colcon.colcon_core.package_identification:_identify(lib/msg/source) by extension 'colcon_pkg'
[0.272s] Level 1:colcon.colcon_core.package_identification:_identify(lib/msg/source) by extensions ['colcon_meta']
[0.272s] Level 1:colcon.colcon_core.package_identification:_identify(lib/msg/source) by extension 'colcon_meta'
[0.272s] Level 1:colcon.colcon_core.package_identification:_identify(lib/msg/source) by extensions ['ros']
[0.272s] Level 1:colcon.colcon_core.package_identification:_identify(lib/msg/source) by extension 'ros'
[0.272s] Level 1:colcon.colcon_core.package_identification:_identify(lib/msg/source) by extensions ['cmake', 'python']
[0.272s] Level 1:colcon.colcon_core.package_identification:_identify(lib/msg/source) by extension 'cmake'
[0.272s] Level 1:colcon.colcon_core.package_identification:_identify(lib/msg/source) by extension 'python'
[0.272s] Level 1:colcon.colcon_core.package_identification:_identify(lib/msg/source) by extensions ['python_setup_py']
[0.272s] Level 1:colcon.colcon_core.package_identification:_identify(lib/msg/source) by extension 'python_setup_py'
[0.273s] Level 1:colcon.colcon_core.package_identification:_identify(lib/msg/source/SpikePrimeMessage) by extensions ['ignore', 'ignore_ament_install']
[0.273s] Level 1:colcon.colcon_core.package_identification:_identify(lib/msg/source/SpikePrimeMessage) by extension 'ignore'
[0.273s] Level 1:colcon.colcon_core.package_identification:_identify(lib/msg/source/SpikePrimeMessage) by extension 'ignore_ament_install'
[0.273s] Level 1:colcon.colcon_core.package_identification:_identify(lib/msg/source/SpikePrimeMessage) by extensions ['colcon_pkg']
[0.273s] Level 1:colcon.colcon_core.package_identification:_identify(lib/msg/source/SpikePrimeMessage) by extension 'colcon_pkg'
[0.273s] Level 1:colcon.colcon_core.package_identification:_identify(lib/msg/source/SpikePrimeMessage) by extensions ['colcon_meta']
[0.273s] Level 1:colcon.colcon_core.package_identification:_identify(lib/msg/source/SpikePrimeMessage) by extension 'colcon_meta'
[0.273s] Level 1:colcon.colcon_core.package_identification:_identify(lib/msg/source/SpikePrimeMessage) by extensions ['ros']
[0.273s] Level 1:colcon.colcon_core.package_identification:_identify(lib/msg/source/SpikePrimeMessage) by extension 'ros'
[0.273s] Level 1:colcon.colcon_core.package_identification:_identify(lib/msg/source/SpikePrimeMessage) by extensions ['cmake', 'python']
[0.273s] Level 1:colcon.colcon_core.package_identification:_identify(lib/msg/source/SpikePrimeMessage) by extension 'cmake'
[0.273s] Level 1:colcon.colcon_core.package_identification:_identify(lib/msg/source/SpikePrimeMessage) by extension 'python'
[0.273s] Level 1:colcon.colcon_core.package_identification:_identify(lib/msg/source/SpikePrimeMessage) by extensions ['python_setup_py']
[0.273s] Level 1:colcon.colcon_core.package_identification:_identify(lib/msg/source/SpikePrimeMessage) by extension 'python_setup_py'
[0.273s] Level 1:colcon.colcon_core.package_identification:_identify(lib/msg/spike_ros_msg) by extensions ['ignore', 'ignore_ament_install']
[0.273s] Level 1:colcon.colcon_core.package_identification:_identify(lib/msg/spike_ros_msg) by extension 'ignore'
[0.273s] Level 1:colcon.colcon_core.package_identification:_identify(lib/msg/spike_ros_msg) by extension 'ignore_ament_install'
[0.273s] Level 1:colcon.colcon_core.package_identification:_identify(lib/msg/spike_ros_msg) by extensions ['colcon_pkg']
[0.273s] Level 1:colcon.colcon_core.package_identification:_identify(lib/msg/spike_ros_msg) by extension 'colcon_pkg'
[0.273s] Level 1:colcon.colcon_core.package_identification:_identify(lib/msg/spike_ros_msg) by extensions ['colcon_meta']
[0.273s] Level 1:colcon.colcon_core.package_identification:_identify(lib/msg/spike_ros_msg) by extension 'colcon_meta'
[0.273s] Level 1:colcon.colcon_core.package_identification:_identify(lib/msg/spike_ros_msg) by extensions ['ros']
[0.273s] Level 1:colcon.colcon_core.package_identification:_identify(lib/msg/spike_ros_msg) by extension 'ros'
[0.274s] DEBUG:colcon.colcon_core.package_identification:Package 'lib/msg/spike_ros_msg' with type 'ros.ament_cmake' and name 'spike_ros_msg'
[0.274s] Level 1:colcon.colcon_core.package_identification:_identify(lib/spike_rt) by extensions ['ignore', 'ignore_ament_install']
[0.274s] Level 1:colcon.colcon_core.package_identification:_identify(lib/spike_rt) by extension 'ignore'
[0.274s] Level 1:colcon.colcon_core.package_identification:_identify(lib/spike_rt) by extension 'ignore_ament_install'
[0.274s] Level 1:colcon.colcon_core.package_identification:_identify(lib/spike_rt) by extensions ['colcon_pkg']
[0.274s] Level 1:colcon.colcon_core.package_identification:_identify(lib/spike_rt) by extension 'colcon_pkg'
[0.274s] Level 1:colcon.colcon_core.package_identification:_identify(lib/spike_rt) by extensions ['colcon_meta']
[0.274s] Level 1:colcon.colcon_core.package_identification:_identify(lib/spike_rt) by extension 'colcon_meta'
[0.274s] Level 1:colcon.colcon_core.package_identification:_identify(lib/spike_rt) by extensions ['ros']
[0.274s] Level 1:colcon.colcon_core.package_identification:_identify(lib/spike_rt) by extension 'ros'
[0.274s] Level 1:colcon.colcon_core.package_identification:_identify(lib/spike_rt) by extensions ['cmake', 'python']
[0.274s] Level 1:colcon.colcon_core.package_identification:_identify(lib/spike_rt) by extension 'cmake'
[0.274s] Level 1:colcon.colcon_core.package_identification:_identify(lib/spike_rt) by extension 'python'
[0.274s] Level 1:colcon.colcon_core.package_identification:_identify(lib/spike_rt) by extensions ['python_setup_py']
[0.274s] Level 1:colcon.colcon_core.package_identification:_identify(lib/spike_rt) by extension 'python_setup_py'
[0.274s] Level 1:colcon.colcon_core.package_identification:_identify(lib/spike_rt/spike_rt_uros) by extensions ['ignore', 'ignore_ament_install']
[0.274s] Level 1:colcon.colcon_core.package_identification:_identify(lib/spike_rt/spike_rt_uros) by extension 'ignore'
[0.274s] Level 1:colcon.colcon_core.package_identification:_identify(lib/spike_rt/spike_rt_uros) by extension 'ignore_ament_install'
[0.274s] Level 1:colcon.colcon_core.package_identification:_identify(lib/spike_rt/spike_rt_uros) by extensions ['colcon_pkg']
[0.274s] Level 1:colcon.colcon_core.package_identification:_identify(lib/spike_rt/spike_rt_uros) by extension 'colcon_pkg'
[0.274s] Level 1:colcon.colcon_core.package_identification:_identify(lib/spike_rt/spike_rt_uros) by extensions ['colcon_meta']
[0.274s] Level 1:colcon.colcon_core.package_identification:_identify(lib/spike_rt/spike_rt_uros) by extension 'colcon_meta'
[0.274s] Level 1:colcon.colcon_core.package_identification:_identify(lib/spike_rt/spike_rt_uros) by extensions ['ros']
[0.274s] Level 1:colcon.colcon_core.package_identification:_identify(lib/spike_rt/spike_rt_uros) by extension 'ros'
[0.274s] Level 1:colcon.colcon_core.package_identification:_identify(lib/spike_rt/spike_rt_uros) by extensions ['cmake', 'python']
[0.275s] Level 1:colcon.colcon_core.package_identification:_identify(lib/spike_rt/spike_rt_uros) by extension 'cmake'
[0.275s] Level 1:colcon.colcon_core.package_identification:_identify(lib/spike_rt/spike_rt_uros) by extension 'python'
[0.275s] Level 1:colcon.colcon_core.package_identification:_identify(lib/spike_rt/spike_rt_uros) by extensions ['python_setup_py']
[0.275s] Level 1:colcon.colcon_core.package_identification:_identify(lib/spike_rt/spike_rt_uros) by extension 'python_setup_py'
[0.275s] Level 1:colcon.colcon_core.package_identification:_identify(lib/spike_rt/spike_rt_uros/objs) by extensions ['ignore', 'ignore_ament_install']
[0.275s] Level 1:colcon.colcon_core.package_identification:_identify(lib/spike_rt/spike_rt_uros/objs) by extension 'ignore'
[0.275s] Level 1:colcon.colcon_core.package_identification:_identify(lib/spike_rt/spike_rt_uros/objs) by extension 'ignore_ament_install'
[0.275s] Level 1:colcon.colcon_core.package_identification:_identify(lib/spike_rt/spike_rt_uros/objs) by extensions ['colcon_pkg']
[0.275s] Level 1:colcon.colcon_core.package_identification:_identify(lib/spike_rt/spike_rt_uros/objs) by extension 'colcon_pkg'
[0.275s] Level 1:colcon.colcon_core.package_identification:_identify(lib/spike_rt/spike_rt_uros/objs) by extensions ['colcon_meta']
[0.275s] Level 1:colcon.colcon_core.package_identification:_identify(lib/spike_rt/spike_rt_uros/objs) by extension 'colcon_meta'
[0.275s] Level 1:colcon.colcon_core.package_identification:_identify(lib/spike_rt/spike_rt_uros/objs) by extensions ['ros']
[0.275s] Level 1:colcon.colcon_core.package_identification:_identify(lib/spike_rt/spike_rt_uros/objs) by extension 'ros'
[0.275s] Level 1:colcon.colcon_core.package_identification:_identify(lib/spike_rt/spike_rt_uros/objs) by extensions ['cmake', 'python']
[0.275s] Level 1:colcon.colcon_core.package_identification:_identify(lib/spike_rt/spike_rt_uros/objs) by extension 'cmake'
[0.275s] Level 1:colcon.colcon_core.package_identification:_identify(lib/spike_rt/spike_rt_uros/objs) by extension 'python'
[0.275s] Level 1:colcon.colcon_core.package_identification:_identify(lib/spike_rt/spike_rt_uros/objs) by extensions ['python_setup_py']
[0.275s] Level 1:colcon.colcon_core.package_identification:_identify(lib/spike_rt/spike_rt_uros/objs) by extension 'python_setup_py'
[0.275s] Level 1:colcon.colcon_core.package_identification:_identify(log) by extensions ['ignore', 'ignore_ament_install']
[0.275s] Level 1:colcon.colcon_core.package_identification:_identify(log) by extension 'ignore'
[0.275s] Level 1:colcon.colcon_core.package_identification:_identify(log) ignored
[0.275s] Level 1:colcon.colcon_core.package_discovery:discover_packages(recursive) using defaults
[0.275s] Level 1:colcon.colcon_core.package_discovery:discover_packages(ignore) discover
[0.275s] Level 1:colcon.colcon_core.package_discovery:discover_packages(ignore) using defaults
[0.275s] Level 1:colcon.colcon_core.package_discovery:discover_packages(path) discover
[0.275s] Level 1:colcon.colcon_core.package_discovery:discover_packages(path) using defaults
[0.291s] Level 1:colcon.colcon_core.package_discovery:discover_packages(prefix_path) check parameters
[0.291s] Level 1:colcon.colcon_core.package_discovery:discover_packages(prefix_path) discover
[0.293s] DEBUG:colcon.colcon_installed_package_information.package_discovery:Found 9 installed packages in /home/hiyama/ros2_ws/install
[0.294s] DEBUG:colcon.colcon_installed_package_information.package_discovery:Found 271 installed packages in /opt/ros/humble
[0.295s] Level 1:colcon.colcon_core.package_discovery:discover_packages(prefix_path) using defaults
[0.332s] ERROR:colcon:colcon build: Duplicate package names not supported:
- spike_ros_msg:
  - gen/spike_ros_msg
  - lib/msg/spike_ros_msg
